 * Serving Flask app 'server'
 * Debug mode: off
 -- Dualpanto tester -- 
Processing esp32dev (platform: espressif32@2.1.0; framework: arduino; board: esp32dev)
--------------------------------------------------------------------------------
Verbose mode can be enabled via `-v, --verbose` option
CONFIGURATION: https://docs.platformio.org/page/boards/espressif32/esp32dev.html
PLATFORM: Espressif 32 (2.1.0) > Espressif ESP32 Dev Module
HARDWARE: ESP32 240MHz, 320KB RAM, 4MB Flash
DEBUG: Current (esp-prog) External (esp-prog, iot-bus-jtag, jlink, minimodule, olimex-arm-usb-ocd, olimex-arm-usb-ocd-h, olimex-arm-usb-tiny-h, olimex-jtag-tiny, tumpa)
PACKAGES: 
 - framework-arduinoespressif32 @ 3.10004.210126 (1.0.4) 
 - tool-esptoolpy @ 1.30000.201119 (3.0.0) 
 - toolchain-xtensa32 @ 2.50200.97 (5.2.0)
LDF: Library Dependency Finder -> https://bit.ly/configure-pio-ldf
LDF Modes: Finder ~ chain, Compatibility ~ soft
Found 26 compatible libraries
Scanning dependencies...
No dependencies
Building in release mode
Compiling .pio/build/esp32dev/src/main.cpp.o
Generating partitions .pio/build/esp32dev/partitions.bin
Archiving .pio/build/esp32dev/libFrameworkArduinoVariant.a
Indexing .pio/build/esp32dev/libFrameworkArduinoVariant.a
Compiling .pio/build/esp32dev/FrameworkArduino/Esp.cpp.o
Compiling .pio/build/esp32dev/FrameworkArduino/FunctionalInterrupt.cpp.o
Compiling .pio/build/esp32dev/FrameworkArduino/HardwareSerial.cpp.o
Compiling .pio/build/esp32dev/FrameworkArduino/IPAddress.cpp.o
Compiling .pio/build/esp32dev/FrameworkArduino/IPv6Address.cpp.o
Compiling .pio/build/esp32dev/FrameworkArduino/MD5Builder.cpp.o
Compiling .pio/build/esp32dev/FrameworkArduino/Print.cpp.o
Compiling .pio/build/esp32dev/FrameworkArduino/Stream.cpp.o
Compiling .pio/build/esp32dev/FrameworkArduino/StreamString.cpp.o
Compiling .pio/build/esp32dev/FrameworkArduino/WMath.cpp.o
Compiling .pio/build/esp32dev/FrameworkArduino/WString.cpp.o
Compiling .pio/build/esp32dev/FrameworkArduino/base64.cpp.o
Compiling .pio/build/esp32dev/FrameworkArduino/cbuf.cpp.o
Compiling .pio/build/esp32dev/FrameworkArduino/esp32-hal-adc.c.o
Compiling .pio/build/esp32dev/FrameworkArduino/esp32-hal-bt.c.o
Compiling .pio/build/esp32dev/FrameworkArduino/esp32-hal-cpu.c.o
Compiling .pio/build/esp32dev/FrameworkArduino/esp32-hal-dac.c.o
Compiling .pio/build/esp32dev/FrameworkArduino/esp32-hal-gpio.c.o
Compiling .pio/build/esp32dev/FrameworkArduino/esp32-hal-i2c.c.o
Compiling .pio/build/esp32dev/FrameworkArduino/esp32-hal-ledc.c.o
Compiling .pio/build/esp32dev/FrameworkArduino/esp32-hal-matrix.c.o
Compiling .pio/build/esp32dev/FrameworkArduino/esp32-hal-misc.c.o
Compiling .pio/build/esp32dev/FrameworkArduino/esp32-hal-psram.c.o
Compiling .pio/build/esp32dev/FrameworkArduino/esp32-hal-rmt.c.o
Compiling .pio/build/esp32dev/FrameworkArduino/esp32-hal-sigmadelta.c.o
Compiling .pio/build/esp32dev/FrameworkArduino/esp32-hal-spi.c.o
Compiling .pio/build/esp32dev/FrameworkArduino/esp32-hal-time.c.o
Compiling .pio/build/esp32dev/FrameworkArduino/esp32-hal-timer.c.o
Compiling .pio/build/esp32dev/FrameworkArduino/esp32-hal-touch.c.o
Compiling .pio/build/esp32dev/FrameworkArduino/esp32-hal-uart.c.o
Compiling .pio/build/esp32dev/FrameworkArduino/libb64/cdecode.c.o
Compiling .pio/build/esp32dev/FrameworkArduino/libb64/cencode.c.o
Compiling .pio/build/esp32dev/FrameworkArduino/main.cpp.o
Compiling .pio/build/esp32dev/FrameworkArduino/stdlib_noniso.c.o
Compiling .pio/build/esp32dev/FrameworkArduino/wiring_pulse.c.o
Compiling .pio/build/esp32dev/FrameworkArduino/wiring_shift.c.o
Archiving .pio/build/esp32dev/libFrameworkArduino.a
Indexing .pio/build/esp32dev/libFrameworkArduino.a
Linking .pio/build/esp32dev/firmware.elf
Building .pio/build/esp32dev/firmware.bin
Retrieving maximum program size .pio/build/esp32dev/firmware.elf
Checking size .pio/build/esp32dev/firmware.elf
Advanced Memory Usage is available via "PlatformIO Home > Project Inspect"
RAM:   [          ]   4.7% (used 15348 bytes from 327680 bytes)
Flash: [==        ]  16.1% (used 210931 bytes from 1310720 bytes)
esptool.py v3.0
========================= [SUCCESS] Took 3.27 seconds =========================
Processing esp32dev (platform: espressif32@2.1.0; framework: arduino; board: esp32dev)
--------------------------------------------------------------------------------
Verbose mode can be enabled via `-v, --verbose` option
CONFIGURATION: https://docs.platformio.org/page/boards/espressif32/esp32dev.html
PLATFORM: Espressif 32 (2.1.0) > Espressif ESP32 Dev Module
HARDWARE: ESP32 240MHz, 320KB RAM, 4MB Flash
DEBUG: Current (esp-prog) External (esp-prog, iot-bus-jtag, jlink, minimodule, olimex-arm-usb-ocd, olimex-arm-usb-ocd-h, olimex-arm-usb-tiny-h, olimex-jtag-tiny, tumpa)
PACKAGES: 
 - framework-arduinoespressif32 @ 3.10004.210126 (1.0.4) 
 - tool-esptoolpy @ 1.30000.201119 (3.0.0) 
 - tool-mkspiffs @ 2.230.0 (2.30) 
 - toolchain-xtensa32 @ 2.50200.97 (5.2.0)
LDF: Library Dependency Finder -> https://bit.ly/configure-pio-ldf
LDF Modes: Finder ~ chain, Compatibility ~ soft
Found 26 compatible libraries
Scanning dependencies...
No dependencies
Building in release mode
Retrieving maximum program size .pio/build/esp32dev/firmware.elf
Checking size .pio/build/esp32dev/firmware.elf
Advanced Memory Usage is available via "PlatformIO Home > Project Inspect"
RAM:   [          ]   4.7% (used 15348 bytes from 327680 bytes)
Flash: [==        ]  16.1% (used 210931 bytes from 1310720 bytes)
Configuring upload protocol...
AVAILABLE: esp-prog, espota, esptool, iot-bus-jtag, jlink, minimodule, olimex-arm-usb-ocd, olimex-arm-usb-ocd-h, olimex-arm-usb-tiny-h, olimex-jtag-tiny, tumpa
CURRENT: upload_protocol = esptool
Looking for upload port...
Using manually specified: /dev/cu.SLAB_USBtoUART
Uploading .pio/build/esp32dev/firmware.bin
Traceback (most recent call last):
  File "/usr/lib/python3.12/site-packages/serial/serialposix.py", line 322, in open
    self.fd = os.open(self.portstr, os.O_RDWR | os.O_NOCTTY | os.O_NONBLOCK)
              ^^^^^^^^^^^^^^^^^^^^^^^^^^^^^^^^^^^^^^^^^^^^^^^^^^^^^^^^^^^^^^
FileNotFoundError: [Errno 2] No such file or directory: '/dev/cu.SLAB_USBtoUART'

During handling of the above exception, another exception occurred:

Traceback (most recent call last):
  File "/home/julian/.platformio/packages/tool-esptoolpy/esptool.py", line 3969, in <module>
    _main()
  File "/home/julian/.platformio/packages/tool-esptoolpy/esptool.py", line 3962, in _main
    main()
  File "/home/julian/.platformio/packages/tool-esptoolpy/esptool.py", line 3551, in main
    esp = chip_class(each_port, initial_baud, args.trace)
          ^^^^^^^^^^^^^^^^^^^^^^^^^^^^^^^^^^^^^^^^^^^^^^^
  File "/home/julian/.platformio/packages/tool-esptoolpy/esptool.py", line 271, in __init__
    self._port = serial.serial_for_url(port)
                 ^^^^^^^^^^^^^^^^^^^^^^^^^^^
  File "/usr/lib/python3.12/site-packages/serial/__init__.py", line 90, in serial_for_url
    instance.open()
  File "/usr/lib/python3.12/site-packages/serial/serialposix.py", line 325, in open
    raise SerialException(msg.errno, "could not open port {}: {}".format(self._port, msg))
serial.serialutil.SerialException: [Errno 2] could not open port /dev/cu.SLAB_USBtoUART: [Errno 2] No such file or directory: '/dev/cu.SLAB_USBtoUART'
esptool.py v3.0
Serial port /dev/cu.SLAB_USBtoUART
*** [upload] Error 1
========================== [FAILED] Took 0.68 seconds ==========================
Processing esp32dev (platform: espressif32@2.1.0; framework: arduino; board: esp32dev)
--------------------------------------------------------------------------------
Verbose mode can be enabled via `-v, --verbose` option
Removing .pio/build/esp32dev
Done cleaning
========================= [SUCCESS] Took 0.27 seconds =========================
1 != 0 : failed to upload firmware. please first check platformIO config and installation
 -- Dualpanto tester -- 
Processing esp32dev (platform: espressif32@2.1.0; framework: arduino; board: esp32dev)
--------------------------------------------------------------------------------
Verbose mode can be enabled via `-v, --verbose` option
CONFIGURATION: https://docs.platformio.org/page/boards/espressif32/esp32dev.html
PLATFORM: Espressif 32 (2.1.0) > Espressif ESP32 Dev Module
HARDWARE: ESP32 240MHz, 320KB RAM, 4MB Flash
DEBUG: Current (esp-prog) External (esp-prog, iot-bus-jtag, jlink, minimodule, olimex-arm-usb-ocd, olimex-arm-usb-ocd-h, olimex-arm-usb-tiny-h, olimex-jtag-tiny, tumpa)
PACKAGES: 
 - framework-arduinoespressif32 @ 3.10004.210126 (1.0.4) 
 - tool-esptoolpy @ 1.30000.201119 (3.0.0) 
 - toolchain-xtensa32 @ 2.50200.97 (5.2.0)
LDF: Library Dependency Finder -> https://bit.ly/configure-pio-ldf
LDF Modes: Finder ~ chain, Compatibility ~ soft
Found 26 compatible libraries
Scanning dependencies...
No dependencies
Building in release mode
Compiling .pio/build/esp32dev/src/main.cpp.o
Generating partitions .pio/build/esp32dev/partitions.bin
Archiving .pio/build/esp32dev/libFrameworkArduinoVariant.a
Indexing .pio/build/esp32dev/libFrameworkArduinoVariant.a
Compiling .pio/build/esp32dev/FrameworkArduino/Esp.cpp.o
Compiling .pio/build/esp32dev/FrameworkArduino/FunctionalInterrupt.cpp.o
Compiling .pio/build/esp32dev/FrameworkArduino/HardwareSerial.cpp.o
Compiling .pio/build/esp32dev/FrameworkArduino/IPAddress.cpp.o
Compiling .pio/build/esp32dev/FrameworkArduino/IPv6Address.cpp.o
Compiling .pio/build/esp32dev/FrameworkArduino/MD5Builder.cpp.o
Compiling .pio/build/esp32dev/FrameworkArduino/Print.cpp.o
Compiling .pio/build/esp32dev/FrameworkArduino/Stream.cpp.o
Compiling .pio/build/esp32dev/FrameworkArduino/StreamString.cpp.o
Compiling .pio/build/esp32dev/FrameworkArduino/WMath.cpp.o
Compiling .pio/build/esp32dev/FrameworkArduino/WString.cpp.o
Compiling .pio/build/esp32dev/FrameworkArduino/base64.cpp.o
Compiling .pio/build/esp32dev/FrameworkArduino/cbuf.cpp.o
Compiling .pio/build/esp32dev/FrameworkArduino/esp32-hal-adc.c.o
Compiling .pio/build/esp32dev/FrameworkArduino/esp32-hal-bt.c.o
Compiling .pio/build/esp32dev/FrameworkArduino/esp32-hal-cpu.c.o
Compiling .pio/build/esp32dev/FrameworkArduino/esp32-hal-dac.c.o
Compiling .pio/build/esp32dev/FrameworkArduino/esp32-hal-gpio.c.o
Compiling .pio/build/esp32dev/FrameworkArduino/esp32-hal-i2c.c.o
Compiling .pio/build/esp32dev/FrameworkArduino/esp32-hal-ledc.c.o
Compiling .pio/build/esp32dev/FrameworkArduino/esp32-hal-matrix.c.o
Compiling .pio/build/esp32dev/FrameworkArduino/esp32-hal-misc.c.o
Compiling .pio/build/esp32dev/FrameworkArduino/esp32-hal-psram.c.o
Compiling .pio/build/esp32dev/FrameworkArduino/esp32-hal-rmt.c.o
Compiling .pio/build/esp32dev/FrameworkArduino/esp32-hal-sigmadelta.c.o
Compiling .pio/build/esp32dev/FrameworkArduino/esp32-hal-spi.c.o
Compiling .pio/build/esp32dev/FrameworkArduino/esp32-hal-time.c.o
Compiling .pio/build/esp32dev/FrameworkArduino/esp32-hal-timer.c.o
Compiling .pio/build/esp32dev/FrameworkArduino/esp32-hal-touch.c.o
Compiling .pio/build/esp32dev/FrameworkArduino/esp32-hal-uart.c.o
Compiling .pio/build/esp32dev/FrameworkArduino/libb64/cdecode.c.o
Compiling .pio/build/esp32dev/FrameworkArduino/libb64/cencode.c.o
Compiling .pio/build/esp32dev/FrameworkArduino/main.cpp.o
Compiling .pio/build/esp32dev/FrameworkArduino/stdlib_noniso.c.o
Compiling .pio/build/esp32dev/FrameworkArduino/wiring_pulse.c.o
Compiling .pio/build/esp32dev/FrameworkArduino/wiring_shift.c.o
Archiving .pio/build/esp32dev/libFrameworkArduino.a
Indexing .pio/build/esp32dev/libFrameworkArduino.a
Linking .pio/build/esp32dev/firmware.elf
Building .pio/build/esp32dev/firmware.bin
Retrieving maximum program size .pio/build/esp32dev/firmware.elf
Checking size .pio/build/esp32dev/firmware.elf
Advanced Memory Usage is available via "PlatformIO Home > Project Inspect"
RAM:   [          ]   4.7% (used 15348 bytes from 327680 bytes)
Flash: [==        ]  16.1% (used 210931 bytes from 1310720 bytes)
esptool.py v3.0
========================= [SUCCESS] Took 2.74 seconds =========================
Processing esp32dev (platform: espressif32@2.1.0; framework: arduino; board: esp32dev)
--------------------------------------------------------------------------------
Verbose mode can be enabled via `-v, --verbose` option
CONFIGURATION: https://docs.platformio.org/page/boards/espressif32/esp32dev.html
PLATFORM: Espressif 32 (2.1.0) > Espressif ESP32 Dev Module
HARDWARE: ESP32 240MHz, 320KB RAM, 4MB Flash
DEBUG: Current (esp-prog) External (esp-prog, iot-bus-jtag, jlink, minimodule, olimex-arm-usb-ocd, olimex-arm-usb-ocd-h, olimex-arm-usb-tiny-h, olimex-jtag-tiny, tumpa)
PACKAGES: 
 - framework-arduinoespressif32 @ 3.10004.210126 (1.0.4) 
 - tool-esptoolpy @ 1.30000.201119 (3.0.0) 
 - tool-mkspiffs @ 2.230.0 (2.30) 
 - toolchain-xtensa32 @ 2.50200.97 (5.2.0)
LDF: Library Dependency Finder -> https://bit.ly/configure-pio-ldf
LDF Modes: Finder ~ chain, Compatibility ~ soft
Found 26 compatible libraries
Scanning dependencies...
No dependencies
Building in release mode
Retrieving maximum program size .pio/build/esp32dev/firmware.elf
Checking size .pio/build/esp32dev/firmware.elf
Advanced Memory Usage is available via "PlatformIO Home > Project Inspect"
RAM:   [          ]   4.7% (used 15348 bytes from 327680 bytes)
Flash: [==        ]  16.1% (used 210931 bytes from 1310720 bytes)
Configuring upload protocol...
AVAILABLE: esp-prog, espota, esptool, iot-bus-jtag, jlink, minimodule, olimex-arm-usb-ocd, olimex-arm-usb-ocd-h, olimex-arm-usb-tiny-h, olimex-jtag-tiny, tumpa
CURRENT: upload_protocol = esptool
Looking for upload port...

Warning! Please install `99-platformio-udev.rules`. 
More details: https://docs.platformio.org/en/latest/core/installation/udev-rules.html

Auto-detected: /dev/ttyS31
Uploading .pio/build/esp32dev/firmware.bin
esptool.py v3.0
Serial port /dev/ttyS31
Traceback (most recent call last):
  File "/usr/lib/python3.12/site-packages/serial/serialposix.py", line 398, in _reconfigure_port
    orig_attr = termios.tcgetattr(self.fd)
                ^^^^^^^^^^^^^^^^^^^^^^^^^^
termios.error: (5, 'Input/output error')

During handling of the above exception, another exception occurred:

Traceback (most recent call last):
  File "/home/julian/.platformio/packages/tool-esptoolpy/esptool.py", line 3969, in <module>
    _main()
  File "/home/julian/.platformio/packages/tool-esptoolpy/esptool.py", line 3962, in _main
    main()
  File "/home/julian/.platformio/packages/tool-esptoolpy/esptool.py", line 3551, in main
    esp = chip_class(each_port, initial_baud, args.trace)
          ^^^^^^^^^^^^^^^^^^^^^^^^^^^^^^^^^^^^^^^^^^^^^^^
  File "/home/julian/.platformio/packages/tool-esptoolpy/esptool.py", line 271, in __init__
    self._port = serial.serial_for_url(port)
                 ^^^^^^^^^^^^^^^^^^^^^^^^^^^
  File "/usr/lib/python3.12/site-packages/serial/__init__.py", line 90, in serial_for_url
    instance.open()
  File "/usr/lib/python3.12/site-packages/serial/serialposix.py", line 332, in open
    self._reconfigure_port(force_update=True)
  File "/usr/lib/python3.12/site-packages/serial/serialposix.py", line 401, in _reconfigure_port
    raise SerialException("Could not configure port: {}".format(msg))
serial.serialutil.SerialException: Could not configure port: (5, 'Input/output error')
*** [upload] Error 1
========================== [FAILED] Took 2.87 seconds ==========================
Processing esp32dev (platform: espressif32@2.1.0; framework: arduino; board: esp32dev)
--------------------------------------------------------------------------------
Verbose mode can be enabled via `-v, --verbose` option
Removing .pio/build/esp32dev
Done cleaning
========================= [SUCCESS] Took 0.26 seconds =========================
1 != 0 : failed to upload firmware. please first check platformIO config and installation
 -- Dualpanto tester -- 
Processing esp32dev (platform: espressif32@2.1.0; framework: arduino; board: esp32dev)
--------------------------------------------------------------------------------
Verbose mode can be enabled via `-v, --verbose` option
CONFIGURATION: https://docs.platformio.org/page/boards/espressif32/esp32dev.html
PLATFORM: Espressif 32 (2.1.0) > Espressif ESP32 Dev Module
HARDWARE: ESP32 240MHz, 320KB RAM, 4MB Flash
DEBUG: Current (esp-prog) External (esp-prog, iot-bus-jtag, jlink, minimodule, olimex-arm-usb-ocd, olimex-arm-usb-ocd-h, olimex-arm-usb-tiny-h, olimex-jtag-tiny, tumpa)
PACKAGES: 
 - framework-arduinoespressif32 @ 3.10004.210126 (1.0.4) 
 - tool-esptoolpy @ 1.30000.201119 (3.0.0) 
 - toolchain-xtensa32 @ 2.50200.97 (5.2.0)
LDF: Library Dependency Finder -> https://bit.ly/configure-pio-ldf
LDF Modes: Finder ~ chain, Compatibility ~ soft
Found 26 compatible libraries
Scanning dependencies...
No dependencies
Building in release mode
Compiling .pio/build/esp32dev/src/main.cpp.o
Generating partitions .pio/build/esp32dev/partitions.bin
Archiving .pio/build/esp32dev/libFrameworkArduinoVariant.a
Indexing .pio/build/esp32dev/libFrameworkArduinoVariant.a
Compiling .pio/build/esp32dev/FrameworkArduino/Esp.cpp.o
Compiling .pio/build/esp32dev/FrameworkArduino/FunctionalInterrupt.cpp.o
Compiling .pio/build/esp32dev/FrameworkArduino/HardwareSerial.cpp.o
Compiling .pio/build/esp32dev/FrameworkArduino/IPAddress.cpp.o
Compiling .pio/build/esp32dev/FrameworkArduino/IPv6Address.cpp.o
Compiling .pio/build/esp32dev/FrameworkArduino/MD5Builder.cpp.o
Compiling .pio/build/esp32dev/FrameworkArduino/Print.cpp.o
Compiling .pio/build/esp32dev/FrameworkArduino/Stream.cpp.o
Compiling .pio/build/esp32dev/FrameworkArduino/StreamString.cpp.o
Compiling .pio/build/esp32dev/FrameworkArduino/WMath.cpp.o
Compiling .pio/build/esp32dev/FrameworkArduino/WString.cpp.o
Compiling .pio/build/esp32dev/FrameworkArduino/base64.cpp.o
Compiling .pio/build/esp32dev/FrameworkArduino/cbuf.cpp.o
Compiling .pio/build/esp32dev/FrameworkArduino/esp32-hal-adc.c.o
Compiling .pio/build/esp32dev/FrameworkArduino/esp32-hal-bt.c.o
Compiling .pio/build/esp32dev/FrameworkArduino/esp32-hal-cpu.c.o
Compiling .pio/build/esp32dev/FrameworkArduino/esp32-hal-dac.c.o
Compiling .pio/build/esp32dev/FrameworkArduino/esp32-hal-gpio.c.o
Compiling .pio/build/esp32dev/FrameworkArduino/esp32-hal-i2c.c.o
Compiling .pio/build/esp32dev/FrameworkArduino/esp32-hal-ledc.c.o
Compiling .pio/build/esp32dev/FrameworkArduino/esp32-hal-matrix.c.o
Compiling .pio/build/esp32dev/FrameworkArduino/esp32-hal-misc.c.o
Compiling .pio/build/esp32dev/FrameworkArduino/esp32-hal-psram.c.o
Compiling .pio/build/esp32dev/FrameworkArduino/esp32-hal-rmt.c.o
Compiling .pio/build/esp32dev/FrameworkArduino/esp32-hal-sigmadelta.c.o
Compiling .pio/build/esp32dev/FrameworkArduino/esp32-hal-spi.c.o
Compiling .pio/build/esp32dev/FrameworkArduino/esp32-hal-time.c.o
Compiling .pio/build/esp32dev/FrameworkArduino/esp32-hal-timer.c.o
Compiling .pio/build/esp32dev/FrameworkArduino/esp32-hal-touch.c.o
Compiling .pio/build/esp32dev/FrameworkArduino/esp32-hal-uart.c.o
Compiling .pio/build/esp32dev/FrameworkArduino/libb64/cdecode.c.o
Compiling .pio/build/esp32dev/FrameworkArduino/libb64/cencode.c.o
Compiling .pio/build/esp32dev/FrameworkArduino/main.cpp.o
Compiling .pio/build/esp32dev/FrameworkArduino/stdlib_noniso.c.o
Compiling .pio/build/esp32dev/FrameworkArduino/wiring_pulse.c.o
Compiling .pio/build/esp32dev/FrameworkArduino/wiring_shift.c.o
Archiving .pio/build/esp32dev/libFrameworkArduino.a
Indexing .pio/build/esp32dev/libFrameworkArduino.a
Linking .pio/build/esp32dev/firmware.elf
Retrieving maximum program size .pio/build/esp32dev/firmware.elf
Building .pio/build/esp32dev/firmware.bin
Checking size .pio/build/esp32dev/firmware.elf
Advanced Memory Usage is available via "PlatformIO Home > Project Inspect"
RAM:   [          ]   4.7% (used 15348 bytes from 327680 bytes)
Flash: [==        ]  16.1% (used 210931 bytes from 1310720 bytes)
esptool.py v3.0
========================= [SUCCESS] Took 2.76 seconds =========================
Processing esp32dev (platform: espressif32@2.1.0; framework: arduino; board: esp32dev)
--------------------------------------------------------------------------------
Verbose mode can be enabled via `-v, --verbose` option
CONFIGURATION: https://docs.platformio.org/page/boards/espressif32/esp32dev.html
PLATFORM: Espressif 32 (2.1.0) > Espressif ESP32 Dev Module
HARDWARE: ESP32 240MHz, 320KB RAM, 4MB Flash
DEBUG: Current (esp-prog) External (esp-prog, iot-bus-jtag, jlink, minimodule, olimex-arm-usb-ocd, olimex-arm-usb-ocd-h, olimex-arm-usb-tiny-h, olimex-jtag-tiny, tumpa)
PACKAGES: 
 - framework-arduinoespressif32 @ 3.10004.210126 (1.0.4) 
 - tool-esptoolpy @ 1.30000.201119 (3.0.0) 
 - tool-mkspiffs @ 2.230.0 (2.30) 
 - toolchain-xtensa32 @ 2.50200.97 (5.2.0)
LDF: Library Dependency Finder -> https://bit.ly/configure-pio-ldf
LDF Modes: Finder ~ chain, Compatibility ~ soft
Found 26 compatible libraries
Scanning dependencies...
No dependencies
Building in release mode
Retrieving maximum program size .pio/build/esp32dev/firmware.elf
Checking size .pio/build/esp32dev/firmware.elf
Advanced Memory Usage is available via "PlatformIO Home > Project Inspect"
RAM:   [          ]   4.7% (used 15348 bytes from 327680 bytes)
Flash: [==        ]  16.1% (used 210931 bytes from 1310720 bytes)
Configuring upload protocol...
AVAILABLE: esp-prog, espota, esptool, iot-bus-jtag, jlink, minimodule, olimex-arm-usb-ocd, olimex-arm-usb-ocd-h, olimex-arm-usb-tiny-h, olimex-jtag-tiny, tumpa
CURRENT: upload_protocol = esptool
Looking for upload port...

Warning! Please install `99-platformio-udev.rules`. 
More details: https://docs.platformio.org/en/latest/core/installation/udev-rules.html

Auto-detected: /dev/ttyUSB0
Uploading .pio/build/esp32dev/firmware.bin
esptool.py v3.0
Serial port /dev/ttyUSB0
Connecting........_____....._____....._____....._____....._____....._____....._____

A fatal error occurred: Failed to connect to ESP32: Timed out waiting for packet header
*** [upload] Error 2
========================= [FAILED] Took 24.85 seconds =========================
Processing esp32dev (platform: espressif32@2.1.0; framework: arduino; board: esp32dev)
--------------------------------------------------------------------------------
Verbose mode can be enabled via `-v, --verbose` option
Removing .pio/build/esp32dev
Done cleaning
========================= [SUCCESS] Took 0.29 seconds =========================
1 != 0 : failed to upload firmware. please first check platformIO config and installation
 -- Dualpanto tester -- 
Processing esp32dev (platform: espressif32@2.1.0; framework: arduino; board: esp32dev)
--------------------------------------------------------------------------------
Verbose mode can be enabled via `-v, --verbose` option
CONFIGURATION: https://docs.platformio.org/page/boards/espressif32/esp32dev.html
PLATFORM: Espressif 32 (2.1.0) > Espressif ESP32 Dev Module
HARDWARE: ESP32 240MHz, 320KB RAM, 4MB Flash
DEBUG: Current (esp-prog) External (esp-prog, iot-bus-jtag, jlink, minimodule, olimex-arm-usb-ocd, olimex-arm-usb-ocd-h, olimex-arm-usb-tiny-h, olimex-jtag-tiny, tumpa)
PACKAGES: 
 - framework-arduinoespressif32 @ 3.10004.210126 (1.0.4) 
 - tool-esptoolpy @ 1.30000.201119 (3.0.0) 
 - toolchain-xtensa32 @ 2.50200.97 (5.2.0)
LDF: Library Dependency Finder -> https://bit.ly/configure-pio-ldf
LDF Modes: Finder ~ chain, Compatibility ~ soft
Found 26 compatible libraries
Scanning dependencies...
No dependencies
Building in release mode
Compiling .pio/build/esp32dev/src/main.cpp.o
Generating partitions .pio/build/esp32dev/partitions.bin
Archiving .pio/build/esp32dev/libFrameworkArduinoVariant.a
Indexing .pio/build/esp32dev/libFrameworkArduinoVariant.a
Compiling .pio/build/esp32dev/FrameworkArduino/Esp.cpp.o
Compiling .pio/build/esp32dev/FrameworkArduino/FunctionalInterrupt.cpp.o
Compiling .pio/build/esp32dev/FrameworkArduino/HardwareSerial.cpp.o
Compiling .pio/build/esp32dev/FrameworkArduino/IPAddress.cpp.o
Compiling .pio/build/esp32dev/FrameworkArduino/IPv6Address.cpp.o
Compiling .pio/build/esp32dev/FrameworkArduino/MD5Builder.cpp.o
Compiling .pio/build/esp32dev/FrameworkArduino/Print.cpp.o
Compiling .pio/build/esp32dev/FrameworkArduino/Stream.cpp.o
Compiling .pio/build/esp32dev/FrameworkArduino/StreamString.cpp.o
Compiling .pio/build/esp32dev/FrameworkArduino/WMath.cpp.o
Compiling .pio/build/esp32dev/FrameworkArduino/WString.cpp.o
Compiling .pio/build/esp32dev/FrameworkArduino/base64.cpp.o
Compiling .pio/build/esp32dev/FrameworkArduino/cbuf.cpp.o
Compiling .pio/build/esp32dev/FrameworkArduino/esp32-hal-adc.c.o
Compiling .pio/build/esp32dev/FrameworkArduino/esp32-hal-bt.c.o
Compiling .pio/build/esp32dev/FrameworkArduino/esp32-hal-cpu.c.o
Compiling .pio/build/esp32dev/FrameworkArduino/esp32-hal-dac.c.o
Compiling .pio/build/esp32dev/FrameworkArduino/esp32-hal-gpio.c.o
Compiling .pio/build/esp32dev/FrameworkArduino/esp32-hal-i2c.c.o
Compiling .pio/build/esp32dev/FrameworkArduino/esp32-hal-ledc.c.o
Compiling .pio/build/esp32dev/FrameworkArduino/esp32-hal-matrix.c.o
Compiling .pio/build/esp32dev/FrameworkArduino/esp32-hal-misc.c.o
Compiling .pio/build/esp32dev/FrameworkArduino/esp32-hal-psram.c.o
Compiling .pio/build/esp32dev/FrameworkArduino/esp32-hal-rmt.c.o
Compiling .pio/build/esp32dev/FrameworkArduino/esp32-hal-sigmadelta.c.o
Compiling .pio/build/esp32dev/FrameworkArduino/esp32-hal-spi.c.o
Compiling .pio/build/esp32dev/FrameworkArduino/esp32-hal-time.c.o
Compiling .pio/build/esp32dev/FrameworkArduino/esp32-hal-timer.c.o
Compiling .pio/build/esp32dev/FrameworkArduino/esp32-hal-touch.c.o
Compiling .pio/build/esp32dev/FrameworkArduino/esp32-hal-uart.c.o
Compiling .pio/build/esp32dev/FrameworkArduino/libb64/cdecode.c.o
Compiling .pio/build/esp32dev/FrameworkArduino/libb64/cencode.c.o
Compiling .pio/build/esp32dev/FrameworkArduino/main.cpp.o
Compiling .pio/build/esp32dev/FrameworkArduino/stdlib_noniso.c.o
Compiling .pio/build/esp32dev/FrameworkArduino/wiring_pulse.c.o
Compiling .pio/build/esp32dev/FrameworkArduino/wiring_shift.c.o
Archiving .pio/build/esp32dev/libFrameworkArduino.a
Indexing .pio/build/esp32dev/libFrameworkArduino.a
Linking .pio/build/esp32dev/firmware.elf
Retrieving maximum program size .pio/build/esp32dev/firmware.elf
Building .pio/build/esp32dev/firmware.bin
Checking size .pio/build/esp32dev/firmware.elf
Advanced Memory Usage is available via "PlatformIO Home > Project Inspect"
RAM:   [          ]   4.7% (used 15348 bytes from 327680 bytes)
Flash: [==        ]  16.1% (used 210931 bytes from 1310720 bytes)
esptool.py v3.0
========================= [SUCCESS] Took 2.79 seconds =========================
Processing esp32dev (platform: espressif32@2.1.0; framework: arduino; board: esp32dev)
--------------------------------------------------------------------------------
Verbose mode can be enabled via `-v, --verbose` option
CONFIGURATION: https://docs.platformio.org/page/boards/espressif32/esp32dev.html
PLATFORM: Espressif 32 (2.1.0) > Espressif ESP32 Dev Module
HARDWARE: ESP32 240MHz, 320KB RAM, 4MB Flash
DEBUG: Current (esp-prog) External (esp-prog, iot-bus-jtag, jlink, minimodule, olimex-arm-usb-ocd, olimex-arm-usb-ocd-h, olimex-arm-usb-tiny-h, olimex-jtag-tiny, tumpa)
PACKAGES: 
 - framework-arduinoespressif32 @ 3.10004.210126 (1.0.4) 
 - tool-esptoolpy @ 1.30000.201119 (3.0.0) 
 - tool-mkspiffs @ 2.230.0 (2.30) 
 - toolchain-xtensa32 @ 2.50200.97 (5.2.0)
LDF: Library Dependency Finder -> https://bit.ly/configure-pio-ldf
LDF Modes: Finder ~ chain, Compatibility ~ soft
Found 26 compatible libraries
Scanning dependencies...
No dependencies
Building in release mode
Retrieving maximum program size .pio/build/esp32dev/firmware.elf
Checking size .pio/build/esp32dev/firmware.elf
Advanced Memory Usage is available via "PlatformIO Home > Project Inspect"
RAM:   [          ]   4.7% (used 15348 bytes from 327680 bytes)
Flash: [==        ]  16.1% (used 210931 bytes from 1310720 bytes)
Configuring upload protocol...
AVAILABLE: esp-prog, espota, esptool, iot-bus-jtag, jlink, minimodule, olimex-arm-usb-ocd, olimex-arm-usb-ocd-h, olimex-arm-usb-tiny-h, olimex-jtag-tiny, tumpa
CURRENT: upload_protocol = esptool
Looking for upload port...

Warning! Please install `99-platformio-udev.rules`. 
More details: https://docs.platformio.org/en/latest/core/installation/udev-rules.html

Auto-detected: /dev/ttyUSB0
Uploading .pio/build/esp32dev/firmware.bin
esptool.py v3.0
Serial port /dev/ttyUSB0
Connecting....
Chip is ESP32-D0WD (revision 1)
Features: WiFi, BT, Dual Core, 240MHz, VRef calibration in efuse, Coding Scheme None
Crystal is 40MHz
MAC: a8:48:fa:94:6b:a8
Uploading stub...
Running stub...
Stub running...
Changing baud rate to 460800
Changed.
Configuring flash size...
Auto-detected Flash size: 16MB
Flash params set to 0x0240
Compressed 15872 bytes to 10319...
Writing at 0x00001000... (100 %)
Wrote 15872 bytes (10319 compressed) at 0x00001000 in 0.3 seconds (effective 503.0 kbit/s)...
Hash of data verified.
Compressed 3072 bytes to 128...
Writing at 0x00008000... (100 %)
Wrote 3072 bytes (128 compressed) at 0x00008000 in 0.0 seconds (effective 5110.3 kbit/s)...
Hash of data verified.
Compressed 8192 bytes to 47...
Writing at 0x0000e000... (100 %)
Wrote 8192 bytes (47 compressed) at 0x0000e000 in 0.0 seconds (effective 25581.9 kbit/s)...
Hash of data verified.
Compressed 211040 bytes to 106357...
Writing at 0x00010000... (14 %)
Writing at 0x00014000... (28 %)
Writing at 0x00018000... (42 %)
Writing at 0x0001c000... (57 %)
Writing at 0x00020000... (71 %)
Writing at 0x00024000... (85 %)
Writing at 0x00028000... (100 %)
Wrote 211040 bytes (106357 compressed) at 0x00010000 in 2.6 seconds (effective 649.3 kbit/s)...
Hash of data verified.

Leaving...
Hard resetting via RTS pin...
========================= [SUCCESS] Took 5.23 seconds =========================
Processing esp32dev (platform: espressif32@2.1.0; framework: arduino; board: esp32dev)
--------------------------------------------------------------------------------
Verbose mode can be enabled via `-v, --verbose` option
Removing .pio/build/esp32dev
Done cleaning
========================= [SUCCESS] Took 0.26 seconds =========================
